<?xml version="1.0" encoding="UTF-8"?>
<!-- Generated by org.testng.reporters.JUnitReportReporter -->
<testsuite hostname="DESKTOP-6VFFB5C" failures="0" tests="4" name="AmazonTestCase.NewTestCases" time="37.090" errors="0" timestamp="2024-06-10T07:21:36 IST" skipped="0">
  <testcase classname="AmazonTestCase.NewTestCases" name="TC02" time="9.200"/>
  <testcase classname="AmazonTestCase.NewTestCases" name="TC03" time="7.785"/>
  <testcase classname="AmazonTestCase.NewTestCases" name="TC05" time="8.482"/>
  <testcase classname="AmazonTestCase.NewTestCases" name="TC04" time="11.623"/>
</testsuite> <!-- AmazonTestCase.NewTestCases -->
