<?xml version="1.0" encoding="UTF-8"?>
<!-- Generated by org.testng.reporters.JUnitReportReporter -->
<testsuite hostname="DESKTOP-6VFFB5C" failures="0" tests="1" name="AmazonTestCase.NewTestCases" time="15.860" errors="0" timestamp="2024-07-01T07:56:05 IST" skipped="0">
  <testcase classname="AmazonTestCase.NewTestCases" name="jqueryDatePicker" time="15.860"/>
</testsuite> <!-- AmazonTestCase.NewTestCases -->
