<?xml version="1.0" encoding="UTF-8"?>
<!-- Generated by org.testng.reporters.JUnitReportReporter -->
<testsuite hostname="DESKTOP-6VFFB5C" failures="0" tests="1" name="AmazonTestCase.AmazonTest" time="30.087" errors="0" timestamp="2024-06-18T07:41:39 IST" skipped="0">
  <testcase classname="AmazonTestCase.AmazonTest" name="TC06" time="30.087"/>
</testsuite> <!-- AmazonTestCase.AmazonTest -->
